  % Total    % Received % Xferd  Average Speed   Time    Time     Time  Current
                                 Dload  Upload   Total   Spent    Left  Speed
  0     0    0     0    0     0      0      0 --:--:-- --:--:-- --:--:--     0  0     0    0     0    0     0      0      0 --:--:-- --:--:-- --:--:--     0100    14  100    14    0     0     23      0 --:--:-- --:--:-- --:--:--    23
[master 171e398] capture ip
 2 files changed, 4 insertions(+), 1 deletion(-)
 create mode 100644 nohup.out
To git@github.com:ahtwq/getIp.git
   5023964..171e398  master -> master
Branch master set up to track remote branch master from origin.
  % Total    % Received % Xferd  Average Speed   Time    Time     Time  Current
                                 Dload  Upload   Total   Spent    Left  Speed
  0     0    0     0    0     0      0      0 --:--:-- --:--:-- --:--:--     0  0     0    0     0    0     0      0      0 --:--:--  0:00:01 --:--:--     0100    14  100    14    0     0      6      0  0:00:02  0:00:02 --:--:--     6100    14  100    14    0     0      6      0  0:00:02  0:00:02 --:--:--     6
[master 8df8065] capture ip
 2 files changed, 10 insertions(+), 1 deletion(-)
To git@github.com:ahtwq/getIp.git
   171e398..8df8065  master -> master
Branch master set up to track remote branch master from origin.
  % Total    % Received % Xferd  Average Speed   Time    Time     Time  Current
                                 Dload  Upload   Total   Spent    Left  Speed
  0     0    0     0    0     0      0      0 --:--:-- --:--:-- --:--:--     0100    14  100    14    0     0     19      0 --:--:-- --:--:-- --:--:--    19
[master b7dc719] capture ip
 2 files changed, 9 insertions(+), 1 deletion(-)
To git@github.com:ahtwq/getIp.git
   8df8065..b7dc719  master -> master
Branch master set up to track remote branch master from origin.
  % Total    % Received % Xferd  Average Speed   Time    Time     Time  Current
                                 Dload  Upload   Total   Spent    Left  Speed
  0     0    0     0    0     0      0      0 --:--:-- --:--:-- --:--:--     0  0     0    0     0    0     0      0      0 --:--:-- --:--:-- --:--:--     0100    14  100    14    0     0     13      0  0:00:01  0:00:01 --:--:--    13
[master b2022bc] capture ip
 2 files changed, 9 insertions(+), 1 deletion(-)
To git@github.com:ahtwq/getIp.git
   b7dc719..b2022bc  master -> master
Branch master set up to track remote branch master from origin.
  % Total    % Received % Xferd  Average Speed   Time    Time     Time  Current
                                 Dload  Upload   Total   Spent    Left  Speed
  0     0    0     0    0     0      0      0 --:--:-- --:--:-- --:--:--     0  0     0    0     0    0     0      0      0 --:--:-- --:--:-- --:--:--     0  0     0    0     0    0     0      0      0 --:--:--  0:00:01 --:--:--     0100    14  100    14    0     0      6      0  0:00:02  0:00:02 --:--:--     6
[master a786338] capture ip
 2 files changed, 9 insertions(+), 1 deletion(-)
To git@github.com:ahtwq/getIp.git
   b2022bc..a786338  master -> master
Branch master set up to track remote branch master from origin.
  % Total    % Received % Xferd  Average Speed   Time    Time     Time  Current
                                 Dload  Upload   Total   Spent    Left  Speed
  0     0    0     0    0     0      0      0 --:--:-- --:--:-- --:--:--     0  0     0    0     0    0     0      0      0 --:--:--  0:00:01 --:--:--     0100    14  100    14    0     0      6      0  0:00:02  0:00:02 --:--:--     6100    14  100    14    0     0      6      0  0:00:02  0:00:02 --:--:--     6
